Looking in indexes: https://pypi.tuna.tsinghua.edu.cn/simple
Collecting flask==2.3.3
  Using cached https://pypi.tuna.tsinghua.edu.cn/packages/fd/56/26f0be8adc2b4257df20c1c4260ddd0aa396cf8e75d90ab2f7ff99bc34f9/flask-2.3.3-py3-none-any.whl (96 kB)
Collecting pillow==10.0.0
  Using cached https://pypi.tuna.tsinghua.edu.cn/packages/0f/8b/2ebaf9adcf4260c00f842154865f8730cf745906aa5dd499141fb6063e26/Pillow-10.0.0.tar.gz (50.5 MB)
  Installing build dependencies: started
  Installing build dependencies: finished with status 'done'
  Getting requirements to build wheel: started
  Getting requirements to build wheel: finished with status 'error'
  error: subprocess-exited-with-error
  
  Getting requirements to build wheel did not run successfully.
  exit code: 1
  
  [21 lines of output]
  Traceback (most recent call last):
    File "D:\python\Lib\site-packages\pip\_vendor\pyproject_hooks\_in_process\_in_process.py", line 389, in <module>
      main()
      ~~~~^^
    File "D:\python\Lib\site-packages\pip\_vendor\pyproject_hooks\_in_process\_in_process.py", line 373, in main
      json_out["return_val"] = hook(**hook_input["kwargs"])
                               ~~~~^^^^^^^^^^^^^^^^^^^^^^^^
    File "D:\python\Lib\site-packages\pip\_vendor\pyproject_hooks\_in_process\_in_process.py", line 143, in get_requires_for_build_wheel
      return hook(config_settings)
    File "C:\Users\tyxcc\AppData\Local\Temp\pip-build-env-f6_ta_tk\overlay\Lib\site-packages\setuptools\build_meta.py", line 331, in get_requires_for_build_wheel
      return self._get_build_requires(config_settings, requirements=[])
             ~~~~~~~~~~~~~~~~~~~~~~~~^^^^^^^^^^^^^^^^^^^^^^^^^^^^^^^^^^
    File "C:\Users\tyxcc\AppData\Local\Temp\pip-build-env-f6_ta_tk\overlay\Lib\site-packages\setuptools\build_meta.py", line 301, in _get_build_requires
      self.run_setup()
      ~~~~~~~~~~~~~~^^
    File "C:\Users\tyxcc\AppData\Local\Temp\pip-build-env-f6_ta_tk\overlay\Lib\site-packages\setuptools\build_meta.py", line 317, in run_setup
      exec(code, locals())
      ~~~~^^^^^^^^^^^^^^^^
    File "<string>", line 30, in <module>
    File "<string>", line 27, in get_version
  KeyError: '__version__'
  [end of output]
  
  note: This error originates from a subprocess, and is likely not a problem with pip.
ERROR: Failed to build 'pillow' when getting requirements to build wheel
Looking in indexes: https://pypi.tuna.tsinghua.edu.cn/simple
Requirement already satisfied: flask in d:\python\lib\site-packages (3.1.2)
Requirement already satisfied: pillow in d:\python\lib\site-packages (11.3.0)
Requirement already satisfied: numpy in d:\python\lib\site-packages (2.2.6)
Requirement already satisfied: matplotlib in d:\python\lib\site-packages (3.10.6)
Requirement already satisfied: scikit-learn in d:\python\lib\site-packages (1.8.0)
Requirement already satisfied: blinker>=1.9.0 in d:\python\lib\site-packages (from flask) (1.9.0)
Requirement already satisfied: click>=8.1.3 in d:\python\lib\site-packages (from flask) (8.3.1)
Requirement already satisfied: itsdangerous>=2.2.0 in d:\python\lib\site-packages (from flask) (2.2.0)
Requirement already satisfied: jinja2>=3.1.2 in d:\python\lib\site-packages (from flask) (3.1.6)
Requirement already satisfied: markupsafe>=2.1.1 in d:\python\lib\site-packages (from flask) (3.0.3)
Requirement already satisfied: werkzeug>=3.1.0 in d:\python\lib\site-packages (from flask) (3.1.4)
Requirement already satisfied: contourpy>=1.0.1 in d:\python\lib\site-packages (from matplotlib) (1.3.3)
Requirement already satisfied: cycler>=0.10 in d:\python\lib\site-packages (from matplotlib) (0.12.1)
Requirement already satisfied: fonttools>=4.22.0 in d:\python\lib\site-packages (from matplotlib) (4.60.0)
Requirement already satisfied: kiwisolver>=1.3.1 in d:\python\lib\site-packages (from matplotlib) (1.4.9)
Requirement already satisfied: packaging>=20.0 in d:\python\lib\site-packages (from matplotlib) (25.0)
Requirement already satisfied: pyparsing>=2.3.1 in d:\python\lib\site-packages (from matplotlib) (3.2.5)
Requirement already satisfied: python-dateutil>=2.7 in d:\python\lib\site-packages (from matplotlib) (2.9.0.post0)
Requirement already satisfied: scipy>=1.10.0 in d:\python\lib\site-packages (from scikit-learn) (1.16.3)
Requirement already satisfied: joblib>=1.3.0 in d:\python\lib\site-packages (from scikit-learn) (1.5.3)
Requirement already satisfied: threadpoolctl>=3.2.0 in d:\python\lib\site-packages (from scikit-learn) (3.6.0)
Requirement already satisfied: colorama in d:\python\lib\site-packages (from click>=8.1.3->flask) (0.4.6)
Requirement already satisfied: six>=1.5 in d:\python\lib\site-packages (from python-dateutil>=2.7->matplotlib) (1.17.0)
